<?xml version="1.0" encoding="UTF-8"?>
<!-- Generated by org.testng.reporters.JUnitReportReporter -->
<testsuite hostname="DESKTOP-EA3O7R6" failures="0" tests="1" name="tools_qa.TC_04_MeghaD_Test" time="9.543" errors="0" timestamp="2022-09-25T12:33:42 IST" skipped="0">
  <testcase classname="tools_qa.TC_04_MeghaD_Test" name="testcase4" time="9.543"/>
  <system-out>
    <![CDATA[demoqa launched Successfully
Username entered Successfully
Usermail entered Successfully
Current Address entered Successfully
Permanent Address entered Successfully]]>
  </system-out>
</testsuite> <!-- tools_qa.TC_04_MeghaD_Test -->
